2020-03-22 17:18:00 - INFO - [common_util.web.base@line:95][Taking screenshots: /Users/ianwu/Git/netbase_web_automation/config/../screenshots/20200322/20200322171800_test_instagram_login_with_username.png]
2020-03-22 17:18:06 - INFO - [common_util.web.base@line:95][Taking screenshots: /Users/ianwu/Git/netbase_web_automation/config/../screenshots/20200322/20200322171806_test_instagram_login_with_correct_password_but_wrong_username.png]
2020-03-22 17:18:12 - INFO - [common_util.web.base@line:95][Taking screenshots: /Users/ianwu/Git/netbase_web_automation/config/../screenshots/20200322/20200322171812_test_instagram_login_with_correct_username_but_wrong_password.png]
2020-03-22 17:18:17 - INFO - [common_util.web.base@line:95][Taking screenshots: /Users/ianwu/Git/netbase_web_automation/config/../screenshots/20200322/20200322171817_test_instagram_login_with_wrong_username_and_password.png]
2020-03-22 17:18:25 - INFO - [common_util.web.base@line:95][Taking screenshots: /Users/ianwu/Git/netbase_web_automation/config/../screenshots/20200322/20200322171825_test_instagram_login_with_email.png]
2020-03-22 17:25:17 - INFO - [common_util.web.base@line:95][Taking screenshots: /Users/ianwu/Git/netbase_web_automation/config/../screenshots/20200322/20200322172517_test_instagram_login_with_username.png]
2020-03-22 17:25:23 - INFO - [common_util.web.base@line:95][Taking screenshots: /Users/ianwu/Git/netbase_web_automation/config/../screenshots/20200322/20200322172523_test_instagram_login_with_correct_password_but_wrong_username.png]
2020-03-22 17:25:29 - INFO - [common_util.web.base@line:95][Taking screenshots: /Users/ianwu/Git/netbase_web_automation/config/../screenshots/20200322/20200322172529_test_instagram_login_with_correct_username_but_wrong_password.png]
2020-03-22 17:25:35 - INFO - [common_util.web.base@line:95][Taking screenshots: /Users/ianwu/Git/netbase_web_automation/config/../screenshots/20200322/20200322172535_test_instagram_login_with_wrong_username_and_password.png]
2020-03-22 17:25:43 - INFO - [common_util.web.base@line:95][Taking screenshots: /Users/ianwu/Git/netbase_web_automation/config/../screenshots/20200322/20200322172543_test_instagram_login_with_email.png]
2020-03-22 17:25:53 - INFO - [common_util.web.page@line:95][Taking screenshots: /Users/ianwu/Git/netbase_web_automation/config/../screenshots/20200322/20200322172553_test_instagram_login_with_username.png]
2020-03-22 17:25:59 - INFO - [common_util.web.page@line:95][Taking screenshots: /Users/ianwu/Git/netbase_web_automation/config/../screenshots/20200322/20200322172559_test_instagram_login_with_correct_password_but_wrong_username.png]
2020-03-22 17:26:05 - INFO - [common_util.web.page@line:95][Taking screenshots: /Users/ianwu/Git/netbase_web_automation/config/../screenshots/20200322/20200322172605_test_instagram_login_with_correct_username_but_wrong_password.png]
2020-03-22 17:26:11 - INFO - [common_util.web.page@line:95][Taking screenshots: /Users/ianwu/Git/netbase_web_automation/config/../screenshots/20200322/20200322172611_test_instagram_login_with_wrong_username_and_password.png]
2020-03-22 17:26:20 - INFO - [common_util.web.page@line:95][Taking screenshots: /Users/ianwu/Git/netbase_web_automation/config/../screenshots/20200322/20200322172620_test_instagram_login_with_email.png]
2020-03-22 17:26:56 - INFO - [common_util.web.page@line:55][Taking screenshots: /Users/ianwu/Git/netbase_web_automation/config/../screenshots/20200322/20200322172656_test_instagram_login_with_username.png]
2020-03-22 17:27:02 - INFO - [common_util.web.page@line:55][Taking screenshots: /Users/ianwu/Git/netbase_web_automation/config/../screenshots/20200322/20200322172702_test_instagram_login_with_correct_password_but_wrong_username.png]
2020-03-22 17:27:08 - INFO - [common_util.web.page@line:55][Taking screenshots: /Users/ianwu/Git/netbase_web_automation/config/../screenshots/20200322/20200322172708_test_instagram_login_with_correct_username_but_wrong_password.png]
2020-03-22 17:27:14 - INFO - [common_util.web.page@line:55][Taking screenshots: /Users/ianwu/Git/netbase_web_automation/config/../screenshots/20200322/20200322172714_test_instagram_login_with_wrong_username_and_password.png]
2020-03-22 17:27:22 - INFO - [common_util.web.page@line:55][Taking screenshots: /Users/ianwu/Git/netbase_web_automation/config/../screenshots/20200322/20200322172722_test_instagram_login_with_email.png]
