2020-03-06 18:01:50 - INFO - [common_util.web.base@line:95][Taking screenshots: /Users/ianwu/Git/gp_web_thor/config/../screenshots/20200306/20200306180150_test_c01_login_operator_account.png]
2020-03-06 18:01:55 - INFO - [common_util.web.base@line:95][Taking screenshots: /Users/ianwu/Git/gp_web_thor/config/../screenshots/20200306/20200306180155_test_c02_refresh_without_login_again.png]
2020-03-06 18:02:03 - INFO - [common_util.web.base@line:95][Taking screenshots: /Users/ianwu/Git/gp_web_thor/config/../screenshots/20200306/20200306180203_test_c03_logout_operator_account.png]
2020-03-22 14:57:21 - INFO - [common_util.web.base@line:95][Taking screenshots: /Users/ianwu/Git/netbase_web_automation/config/../screenshots/20200322/20200322145721_test_instagram_login_with_username.png]
2020-03-22 15:07:59 - INFO - [common_util.web.base@line:95][Taking screenshots: /Users/ianwu/Git/netbase_web_automation/config/../screenshots/20200322/20200322150759_test_instagram_login_with_username.png]
2020-03-22 15:08:24 - INFO - [common_util.web.base@line:95][Taking screenshots: /Users/ianwu/Git/netbase_web_automation/config/../screenshots/20200322/20200322150824_test_instagram_login_with_username.png]
2020-03-22 15:13:42 - INFO - [common_util.web.base@line:95][Taking screenshots: /Users/ianwu/Git/netbase_web_automation/config/../screenshots/20200322/20200322151342_test_instagram_login_with_username.png]
2020-03-22 15:14:03 - INFO - [common_util.web.base@line:95][Taking screenshots: /Users/ianwu/Git/netbase_web_automation/config/../screenshots/20200322/20200322151403_test_instagram_login_with_username.png]
2020-03-22 15:15:11 - INFO - [common_util.web.base@line:95][Taking screenshots: /Users/ianwu/Git/netbase_web_automation/config/../screenshots/20200322/20200322151511_test_instagram_login_with_username.png]
2020-03-22 15:30:36 - INFO - [common_util.web.base@line:95][Taking screenshots: /Users/ianwu/Git/netbase_web_automation/config/../screenshots/20200322/20200322153036_test_instagram_login_with_wrong_username_but_correct_password.png]
2020-03-22 15:32:59 - INFO - [common_util.web.base@line:95][Taking screenshots: /Users/ianwu/Git/netbase_web_automation/config/../screenshots/20200322/20200322153259_test_instagram_login_with_wrong_username_but_correct_password.png]
2020-03-22 15:33:21 - INFO - [common_util.web.base@line:95][Taking screenshots: /Users/ianwu/Git/netbase_web_automation/config/../screenshots/20200322/20200322153321_test_instagram_login_with_wrong_username_but_correct_password.png]
2020-03-22 15:33:54 - INFO - [common_util.web.base@line:95][Taking screenshots: /Users/ianwu/Git/netbase_web_automation/config/../screenshots/20200322/20200322153354_test_instagram_login_with_wrong_username_but_correct_password.png]
2020-03-22 15:35:01 - INFO - [common_util.web.base@line:95][Taking screenshots: /Users/ianwu/Git/netbase_web_automation/config/../screenshots/20200322/20200322153501_test_instagram_login_with_wrong_username_but_correct_password.png]
2020-03-22 15:40:53 - INFO - [common_util.web.base@line:95][Taking screenshots: /Users/ianwu/Git/netbase_web_automation/config/../screenshots/20200322/20200322154053_test_instagram_login_with_wrong_username_and_password.png]
2020-03-22 15:42:22 - INFO - [common_util.web.base@line:95][Taking screenshots: /Users/ianwu/Git/netbase_web_automation/config/../screenshots/20200322/20200322154222_test_instagram_login_with_username.png]
2020-03-22 15:42:28 - INFO - [common_util.web.base@line:95][Taking screenshots: /Users/ianwu/Git/netbase_web_automation/config/../screenshots/20200322/20200322154228_test_instagram_login_with_correct_password_but_wrong_username.png]
2020-03-22 15:42:33 - INFO - [common_util.web.base@line:95][Taking screenshots: /Users/ianwu/Git/netbase_web_automation/config/../screenshots/20200322/20200322154233_test_instagram_login_with_correct_username_but_wrong_password.png]
2020-03-22 15:42:39 - INFO - [common_util.web.base@line:95][Taking screenshots: /Users/ianwu/Git/netbase_web_automation/config/../screenshots/20200322/20200322154239_test_instagram_login_with_wrong_username_and_password.png]
2020-03-22 15:42:45 - INFO - [common_util.web.base@line:95][Taking screenshots: /Users/ianwu/Git/netbase_web_automation/config/../screenshots/20200322/20200322154245_test_instagram_login_with_phone_number.png]
2020-03-22 15:44:37 - INFO - [common_util.web.base@line:95][Taking screenshots: /Users/ianwu/Git/netbase_web_automation/config/../screenshots/20200322/20200322154437_test_instagram_login_with_username.png]
2020-03-22 15:44:43 - INFO - [common_util.web.base@line:95][Taking screenshots: /Users/ianwu/Git/netbase_web_automation/config/../screenshots/20200322/20200322154443_test_instagram_login_with_correct_password_but_wrong_username.png]
2020-03-22 15:44:50 - INFO - [common_util.web.base@line:95][Taking screenshots: /Users/ianwu/Git/netbase_web_automation/config/../screenshots/20200322/20200322154450_test_instagram_login_with_correct_username_but_wrong_password.png]
2020-03-22 15:44:57 - INFO - [common_util.web.base@line:95][Taking screenshots: /Users/ianwu/Git/netbase_web_automation/config/../screenshots/20200322/20200322154457_test_instagram_login_with_wrong_username_and_password.png]
2020-03-22 15:45:07 - INFO - [common_util.web.base@line:95][Taking screenshots: /Users/ianwu/Git/netbase_web_automation/config/../screenshots/20200322/20200322154507_test_instagram_login_with_phone_number.png]
2020-03-22 15:56:12 - INFO - [common_util.web.base@line:95][Taking screenshots: /Users/ianwu/Git/netbase_web_automation/config/../screenshots/20200322/20200322155612_test_instagram_login_with_username.png]
2020-03-22 15:56:18 - INFO - [common_util.web.base@line:95][Taking screenshots: /Users/ianwu/Git/netbase_web_automation/config/../screenshots/20200322/20200322155618_test_instagram_login_with_correct_password_but_wrong_username.png]
2020-03-22 15:56:23 - INFO - [common_util.web.base@line:95][Taking screenshots: /Users/ianwu/Git/netbase_web_automation/config/../screenshots/20200322/20200322155623_test_instagram_login_with_correct_username_but_wrong_password.png]
2020-03-22 15:56:29 - INFO - [common_util.web.base@line:95][Taking screenshots: /Users/ianwu/Git/netbase_web_automation/config/../screenshots/20200322/20200322155629_test_instagram_login_with_wrong_username_and_password.png]
2020-03-22 15:56:39 - INFO - [common_util.web.base@line:95][Taking screenshots: /Users/ianwu/Git/netbase_web_automation/config/../screenshots/20200322/20200322155639_test_instagram_login_with_phone_number.png]
